<?xml version="1.0" encoding="UTF-8"?>
<!-- Generated by org.testng.reporters.JUnitReportReporter -->
<testsuite hostname="LAPTOP-4AUR2A3N" failures="0" tests="1" name="dockerTestNG.firefoxTest" time="20.083" errors="0" timestamp="2023-07-09T15:59:17 IST" skipped="0">
  <testcase classname="dockerTestNG.firefoxTest" name="title" time="20.083"/>
  <system-out/>
</testsuite> <!-- dockerTestNG.firefoxTest -->
