<?xml version="1.0" encoding="UTF-8"?>
<!-- Generated by org.testng.reporters.JUnitReportReporter -->
<testsuite hostname="LAPTOP-4AUR2A3N" failures="0" tests="1" name="dockerTestNG.ChromeTest2" time="11.141" errors="0" timestamp="2023-07-09T15:59:17 IST" skipped="0">
  <testcase classname="dockerTestNG.ChromeTest2" name="title" time="11.141"/>
  <system-out/>
</testsuite> <!-- dockerTestNG.ChromeTest2 -->
