<?xml version="1.0" encoding="UTF-8"?>
<!-- Generated by org.testng.reporters.JUnitReportReporter -->
<testsuite hostname="LAPTOP-4AUR2A3N" failures="0" tests="1" name="dockerTestNG.EdgeTest" time="12.893" errors="0" timestamp="2023-07-09T15:59:17 IST" skipped="0">
  <testcase classname="dockerTestNG.EdgeTest" name="title" time="12.893"/>
  <system-out/>
</testsuite> <!-- dockerTestNG.EdgeTest -->
